2022-12-05 18:00:13 | Task 12: command field is missing
2022-12-05 18:00:27 | Task 12: command field is missing
2022-12-05 18:01:44 | Task 12: command field is missing
2022-12-05 18:07:49 | Task 12: command field is missing
2022-12-05 18:08:08 | Task 12: command field is missing
2022-12-05 18:08:49 | Task 12: command field is missing
2022-12-05 18:17:31 | Task 12: command field is missing
2022-12-05 18:19:10 | Task 12: command field is missing
2022-12-05 18:19:12 | Task 12: command field is missing
2022-12-06 10:22:24 | Task 12: command field is missing
2022-12-06 10:23:38 | Task 12: command field is missing
2022-12-06 10:23:52 | Task 12: command field is missing
2022-12-06 10:23:57 | Task 12: command field is missing
2022-12-06 10:24:42 | Task 12: command field is missing
2022-12-06 10:26:30 | Task 12: command field is missing
2022-12-06 10:29:08 | Task 12: command field is missing
2022-12-06 10:29:13 | Task 12: command field is missing
2022-12-06 10:29:16 | Task 12: command field is missing
2022-12-06 10:29:42 | Task 12: command field is missing
2022-12-06 10:29:46 | Task 12: command field is missing
2022-12-06 10:49:58 | Task 12: command field is missing
2022-12-06 10:50:22 | Task 12: command field is missing
2022-12-06 10:50:25 | Task 12: command field is missing
2022-12-06 10:51:11 | Task 12: command field is missing
2022-12-06 10:51:21 | Task 12: command field is missing
2022-12-06 10:51:29 | Task 12: command field is missing
2022-12-06 10:52:45 | Task 12: command field is missing
2022-12-07 11:49:14 | Task 12: command field is missing
2022-12-07 11:49:29 | Task array is empty
2022-12-07 11:53:06 | Task array is empty
2022-12-07 11:53:36 | Task array is empty
2022-12-07 11:53:41 | Task array is empty
2022-12-07 11:55:24 | Task array is empty
2022-12-07 11:56:10 | Task array is empty
2022-12-07 11:56:14 | Task array is empty
2022-12-07 11:56:23 | Task array is empty
2022-12-07 11:58:57 | Task array is empty
2022-12-07 11:59:50 | Task array is empty
2022-12-08 16:47:09 | Task 1: command field is missing
2022-12-08 16:56:59 | Task 1: command field is missing
2022-12-08 16:57:02 | Task 1: command field is missing
2022-12-08 16:57:04 | Task 1: command field is missing
2022-12-08 17:34:54 | Task 1: 'command' field is missing
2022-12-08 17:50:30 | Task 1: 'command' field is missing or empty
2022-12-08 17:50:30 | Task 1: 'run_on' field is missing
2022-12-08 17:50:30 | Task 1: 'cron' field is missing
2022-12-08 17:50:30 | Task 1: 'cron' field is missing or empty
2022-12-08 17:51:01 | Task 1: 'command' field is missing or empty
2022-12-08 17:51:01 | Task 1: 'run_on' field is missing
2022-12-08 17:51:01 | Task 1: 'cron' field is missing
2022-12-08 17:51:01 | Task 1: 'cron' field is missing or empty
2022-12-08 17:52:44 | Task 1: 'command' field is missing or empty
2022-12-08 17:52:44 | Task 1: 'run_on' field is missing
2022-12-08 17:52:44 | Task 1: 'cron' field is missing
2022-12-08 17:52:44 | Task 1: 'cron' field is missing or empty
2022-12-08 17:53:15 | Task 1: 'command' field is missing or empty
2022-12-08 17:53:15 | Task 1: 'run_on' field is missing
2022-12-08 17:53:15 | Task 1: 'cron' field is missing
2022-12-08 17:53:15 | Task 1: 'status' field is missing or empty
2022-12-08 17:54:11 | Task 1: 'command' field is missing or empty
2022-12-08 17:54:11 | Task 1: 'run_on' field is missing
2022-12-08 17:54:11 | Task 1: 'cron' field is missing
2022-12-08 17:54:11 | Task 1: 'status' field is missing or empty
2022-12-08 17:54:28 | Task 1: 'command' field is missing or empty
2022-12-08 17:57:01 | Task 1: 'command' field is missing or empty
2022-12-08 17:57:11 | Task 1: 'command' field is missing or empty
2022-12-08 17:58:33 | Task 1: 'command' field is missing or empty
2022-12-08 18:01:20 | Task 1: 'command' field is missing or empty
2022-12-08 18:01:20 | Task 2: 'command' field is missing or empty
2022-12-08 18:01:20 | Task 3: 'run_on' field is missing
2022-12-08 18:01:20 | Task 4: 'run_on' field is missing
2022-12-08 18:01:20 | Task 5: 'run_on' field is missing
2022-12-08 18:01:20 | Task 6: 'run_on' field is missing
2022-12-08 18:01:20 | Task 7: 'run_on' field is missing
2022-12-08 18:01:20 | Task 8: 'run_on' field is missing
2022-12-08 18:01:20 | Task 9: 'run_on' field is missing
2022-12-08 18:02:56 | Task 1: 'command' field is missing or empty
2022-12-08 18:02:56 | Task 2: 'command' field is missing or empty
2022-12-08 18:02:56 | Task 3: 'run_on' field is missing
2022-12-08 18:02:56 | Task 4: 'run_on' field is missing
2022-12-08 18:02:56 | Task 5: 'run_on' field is missing
2022-12-08 18:02:56 | Task 6: 'run_on' field is missing
2022-12-08 18:02:56 | Task 7: 'run_on' field is missing
2022-12-08 18:02:56 | Task 8: 'run_on' field is missing
2022-12-08 18:02:56 | Task 9: 'run_on' field is missing
2022-12-08 18:06:14 | Task 1: 'command' field is missing or empty
2022-12-08 18:06:14 | Task 2: 'command' field is missing or empty
2022-12-08 18:06:14 | Task 3: 'run_on' field is missing
2022-12-08 18:06:14 | Task 4: 'run_on' field is missing
2022-12-08 18:06:14 | Task 5: 'run_on' field is missing
2022-12-08 18:06:14 | Task 6: 'run_on' field is missing
2022-12-08 18:06:14 | Task 7: 'run_on' field is missing
2022-12-08 18:06:14 | Task 8: 'run_on' field is missing
2022-12-08 18:06:14 | Task 9: 'run_on' field is missing
2022-12-08 18:06:58 | Task 1: 'command' field is missing or empty
2022-12-08 18:06:58 | Task 2: 'command' field is missing or empty
2022-12-08 18:06:58 | Task 3: 'cron' field is missing
2022-12-08 18:06:58 | Task 4: 'cron' field is missing
2022-12-08 18:06:58 | Task 5: 'cron' field is missing
2022-12-08 18:06:58 | Task 6: 'cron' field is missing
2022-12-08 18:06:58 | Task 7: 'cron' field is missing
2022-12-08 18:06:58 | Task 8: 'cron' field is missing
2022-12-08 18:06:58 | Task 9: 'cron' field is missing
2022-12-08 18:07:18 | Task 1: 'command' field is missing or empty
2022-12-08 18:07:18 | Task 2: 'command' field is missing or empty
2022-12-08 18:07:18 | Task 3: 'status' field is missing or empty
2022-12-08 18:07:18 | Task 4: 'status' field is missing or empty
2022-12-08 18:07:18 | Task 5: 'status' field is missing or empty
2022-12-08 18:07:18 | Task 6: 'status' field is missing or empty
2022-12-08 18:07:18 | Task 7: 'status' field is missing or empty
2022-12-08 18:07:18 | Task 8: 'status' field is missing or empty
2022-12-08 18:07:18 | Task 9: 'status' field is missing or empty
2022-12-08 18:07:45 | Task 1: 'command' field is missing or empty
2022-12-08 18:07:45 | Task 2: 'command' field is missing or empty
2022-12-08 18:07:45 | Task 3: 'status' field is missing or empty
2022-12-08 18:07:45 | Task 4: 'status' field is missing or empty
2022-12-08 18:07:45 | Task 5: 'status' field is missing or empty
2022-12-08 18:07:45 | Task 6: 'status' field is missing or empty
2022-12-08 18:07:45 | Task 7: 'status' field is missing or empty
2022-12-08 18:07:45 | Task 8: 'status' field is missing or empty
2022-12-08 18:07:45 | Task 9: 'status' field is missing or empty
2022-12-08 18:08:46 | Task 1: 'command' field is missing or empty
2022-12-08 18:08:46 | Task 2: 'command' field is missing or empty
2022-12-08 18:15:19 | Task 1: 'command' field is missing or empty
2022-12-13 16:30:14 | Не удалось записать в БД: taskscheduler_id=0, result_status=1, result_text=Что-то получили от программы started_at=2022-12-13 16:30:00, stoped_at=2022-12-13 16:30:01, microtime=qweasd
2022-12-13 17:09:24 | Не удалось записать в БД: taskscheduler_id=, result_status=1, result_text=Что-то получили от программы started_at=2022-12-13 17:09:00, stoped_at=2022-12-13 17:09:01, microtime=qweasd
2022-12-13 17:16:33 | Не удалось записать в БД: taskscheduler_id=, result_status=1, result_text=Что-то получили от программы started_at=2022-12-13 17:16:00, stoped_at=2022-12-13 17:16:01, microtime=qweasd
2022-12-13 17:18:29 | Не удалось записать в БД: taskscheduler_id=, result_status=1, result_text=Что-то получили от программы started_at=2022-12-13 17:18:00, stoped_at=2022-12-13 17:18:01, microtime=qweasd
2022-12-13 17:19:34 | Не удалось записать в БД: taskscheduler_id=, result_status=1, result_text=Что-то получили от программы started_at=2022-12-13 17:19:00, stoped_at=2022-12-13 17:19:01, microtime=qweasd
2022-12-13 17:49:49 | Не удалось записать в БД: taskscheduler_id=, result_status=, result_text=Создана задача started_at=2022-12-13 17:49:49, stoped_at=, microtime=
2022-12-13 17:50:16 | Не удалось записать в БД: taskscheduler_id=, result_status=, result_text=Создана задача started_at=2022-12-13 17:50:16, stoped_at=, microtime=
2022-12-13 18:11:14 | Не удалось записать в БД: taskscheduler_id=, result_status=, result_text=Создана задача started_at=2022-12-13 18:11:14, stoped_at=, microtime=
2022-12-13 18:24:09 | Не удалось записать в БД: taskscheduler_id=30, result_status=, result_text=Создана задача started_at=2022-12-13 18:24:09, stoped_at=, microtime=
2022-12-13 18:24:44 | Не удалось записать в БД: taskscheduler_id=31, result_status=, result_text=Создана задача started_at=2022-12-13 18:24:44, stoped_at=, microtime=
2022-12-13 18:25:23 | Не удалось записать в БД: taskscheduler_id=32, result_status=, result_text=Создана задача started_at=2022-12-13 18:25:23, stoped_at=, microtime=
2022-12-13 18:25:25 | Не удалось записать в БД: taskscheduler_id=33, result_status=, result_text=Создана задача started_at=2022-12-13 18:25:25, stoped_at=, microtime=
2022-12-13 18:26:06 | Не удалось записать в БД: taskscheduler_id=34, result_status=, result_text=Создана задача started_at=2022-12-13 18:26:06, stoped_at=, microtime=
2022-12-13 18:30:00 | Не удалось записать в БД: taskscheduler_id=36, result_status=, result_text=Создана задача started_at=2022-12-13 18:30:00, stoped_at=, microtime=
